# JRE version: OpenJDK Runtime Environment (8.0_242-b01) (build 1.8.0_242-release-1644-b01)
# Java VM: OpenJDK 64-Bit Server VM (25.242-b01 mixed mode windows-amd64 compressed oops)
Heap:
 PSYoungGen      total 99840K, used 0K [0x00000000e0000000, 0x00000000e6d00000, 0x0000000100000000)
  eden space 88064K, 0% used [0x00000000e0000000,0x00000000e0000000,0x00000000e5600000)
  from space 11776K, 0% used [0x00000000e6180000,0x00000000e6180000,0x00000000e6d00000)
  to   space 11776K, 0% used [0x00000000e5600000,0x00000000e5600000,0x00000000e6180000)
 ParOldGen       total 61952K, used 22092K [0x00000000a0000000, 0x00000000a3c80000, 0x00000000e0000000)
  object space 61952K, 35% used [0x00000000a0000000,0x00000000a1593100,0x00000000a3c80000)
 Metaspace       used 46935K, capacity 48932K, committed 49240K, reserved 1103872K
  class space    used 6230K, capacity 6686K, committed 6784K, reserved 1048576K
GC Heap History (10 events):
Event: 22.898 GC heap before
{Heap before GC invocations=15 (full 3):
 PSYoungGen      total 99840K, used 10430K [0x00000000e0000000, 0x00000000e6d00000, 0x0000000100000000)
  eden space 88064K, 0% used [0x00000000e0000000,0x00000000e0000000,0x00000000e5600000)
  from space 11776K, 88% used [0x00000000e6180000,0x00000000e6bafa88,0x00000000e6d00000)
  to   space 11776K, 0% used [0x00000000e5600000,0x00000000e5600000,0x00000000e6180000)
 ParOldGen       total 61952K, used 13797K [0x00000000a0000000, 0x00000000a3c80000, 0x00000000e0000000)
  object space 61952K, 22% used [0x00000000a0000000,0x00000000a0d795b0,0x00000000a3c80000)
 Metaspace       used 45080K, capacity 47390K, committed 47576K, reserved 1095680K
  class space    used 6043K, capacity 6586K, committed 6656K, reserved 1048576K
Event: 23.120 GC heap after
Heap after GC invocations=15 (full 3):
 PSYoungGen      total 99840K, used 0K [0x00000000e0000000, 0x00000000e6d00000, 0x0000000100000000)
  eden space 88064K, 0% used [0x00000000e0000000,0x00000000e0000000,0x00000000e5600000)
  from space 11776K, 0% used [0x00000000e6180000,0x00000000e6180000,0x00000000e6d00000)
  to   space 11776K, 0% used [0x00000000e5600000,0x00000000e5600000,0x00000000e6180000)
 ParOldGen       total 61952K, used 23275K [0x00000000a0000000, 0x00000000a3c80000, 0x00000000e0000000)
  object space 61952K, 37% used [0x00000000a0000000,0x00000000a16bacb8,0x00000000a3c80000)
 Metaspace       used 44930K, capacity 46958K, committed 47576K, reserved 1093632K
  class space    used 6000K, capacity 6453K, committed 6656K, reserved 1048576K
}
Event: 23.150 GC heap before
{Heap before GC invocations=16 (full 3):
 PSYoungGen      total 99840K, used 3045K [0x00000000e0000000, 0x00000000e6d00000, 0x0000000100000000)
  eden space 88064K, 3% used [0x00000000e0000000,0x00000000e02f97e8,0x00000000e5600000)
  from space 11776K, 0% used [0x00000000e6180000,0x00000000e6180000,0x00000000e6d00000)
  to   space 11776K, 0% used [0x00000000e5600000,0x00000000e5600000,0x00000000e6180000)
 ParOldGen       total 61952K, used 23275K [0x00000000a0000000, 0x00000000a3c80000, 0x00000000e0000000)
  object space 61952K, 37% used [0x00000000a0000000,0x00000000a16bacb8,0x00000000a3c80000)
 Metaspace       used 45116K, capacity 47182K, committed 47576K, reserved 1097728K
  class space    used 6030K, capacity 6485K, committed 6656K, reserved 1048576K
Event: 23.152 GC heap after
Heap after GC invocations=16 (full 3):
 PSYoungGen      total 99840K, used 337K [0x00000000e0000000, 0x00000000e6d00000, 0x0000000100000000)
  eden space 88064K, 0% used [0x00000000e0000000,0x00000000e0000000,0x00000000e5600000)
  from space 11776K, 2% used [0x00000000e5600000,0x00000000e56544d8,0x00000000e6180000)
  to   space 11776K, 0% used [0x00000000e6180000,0x00000000e6180000,0x00000000e6d00000)
 ParOldGen       total 61952K, used 23275K [0x00000000a0000000, 0x00000000a3c80000, 0x00000000e0000000)
  object space 61952K, 37% used [0x00000000a0000000,0x00000000a16bacb8,0x00000000a3c80000)
 Metaspace       used 45116K, capacity 47182K, committed 47576K, reserved 1097728K
  class space    used 6030K, capacity 6485K, committed 6656K, reserved 1048576K
}
Event: 23.152 GC heap before
{Heap before GC invocations=17 (full 4):
 PSYoungGen      total 99840K, used 337K [0x00000000e0000000, 0x00000000e6d00000, 0x0000000100000000)
  eden space 88064K, 0% used [0x00000000e0000000,0x00000000e0000000,0x00000000e5600000)
  from space 11776K, 2% used [0x00000000e5600000,0x00000000e56544d8,0x00000000e6180000)
  to   space 11776K, 0% used [0x00000000e6180000,0x00000000e6180000,0x00000000e6d00000)
 ParOldGen       total 61952K, used 23275K [0x00000000a0000000, 0x00000000a3c80000, 0x00000000e0000000)
  object space 61952K, 37% used [0x00000000a0000000,0x00000000a16bacb8,0x00000000a3c80000)
 Metaspace       used 45116K, capacity 47182K, committed 47576K, reserved 1097728K
  class space    used 6030K, capacity 6485K, committed 6656K, reserved 1048576K
Event: 23.213 GC heap after
Heap after GC invocations=17 (full 4):
 PSYoungGen      total 99840K, used 0K [0x00000000e0000000, 0x00000000e6d00000, 0x0000000100000000)
  eden space 88064K, 0% used [0x00000000e0000000,0x00000000e0000000,0x00000000e5600000)
  from space 11776K, 0% used [0x00000000e5600000,0x00000000e5600000,0x00000000e6180000)
  to   space 11776K, 0% used [0x00000000e6180000,0x00000000e6180000,0x00000000e6d00000)
 ParOldGen       total 61952K, used 21656K [0x00000000a0000000, 0x00000000a3c80000, 0x00000000e0000000)
  object space 61952K, 34% used [0x00000000a0000000,0x00000000a1526048,0x00000000a3c80000)
 Metaspace       used 45116K, capacity 47182K, committed 47576K, reserved 1093632K
  class space    used 6030K, capacity 6485K, committed 6656K, reserved 1048576K
}
Event: 23.279 GC heap before
{Heap before GC invocations=18 (full 4):
 PSYoungGen      total 99840K, used 7493K [0x00000000e0000000, 0x00000000e6d00000, 0x0000000100000000)
  eden space 88064K, 8% used [0x00000000e0000000,0x00000000e0751700,0x00000000e5600000)
  from space 11776K, 0% used [0x00000000e5600000,0x00000000e5600000,0x00000000e6180000)
  to   space 11776K, 0% used [0x00000000e6180000,0x00000000e6180000,0x00000000e6d00000)
 ParOldGen       total 61952K, used 21656K [0x00000000a0000000, 0x00000000a3c80000, 0x00000000e0000000)
  object space 61952K, 34% used [0x00000000a0000000,0x00000000a1526048,0x00000000a3c80000)
 Metaspace       used 45992K, capacity 48014K, committed 48344K, reserved 1099776K
  class space    used 6120K, capacity 6549K, committed 6656K, reserved 1048576K
Event: 23.281 GC heap after
Heap after GC invocations=18 (full 4):
 PSYoungGen      total 99840K, used 922K [0x00000000e0000000, 0x00000000e6d00000, 0x0000000100000000)
  eden space 88064K, 0% used [0x00000000e0000000,0x00000000e0000000,0x00000000e5600000)
  from space 11776K, 7% used [0x00000000e6180000,0x00000000e62669b8,0x00000000e6d00000)
  to   space 11776K, 0% used [0x00000000e5600000,0x00000000e5600000,0x00000000e6180000)
 ParOldGen       total 61952K, used 21656K [0x00000000a0000000, 0x00000000a3c80000, 0x00000000e0000000)
  object space 61952K, 34% used [0x00000000a0000000,0x00000000a1526048,0x00000000a3c80000)
 Metaspace       used 45992K, capacity 48014K, committed 48344K, reserved 1099776K
  class space    used 6120K, capacity 6549K, committed 6656K, reserved 1048576K
}
Event: 23.281 GC heap before
{Heap before GC invocations=19 (full 5):
 PSYoungGen      total 99840K, used 922K [0x00000000e0000000, 0x00000000e6d00000, 0x0000000100000000)
  eden space 88064K, 0% used [0x00000000e0000000,0x00000000e0000000,0x00000000e5600000)
  from space 11776K, 7% used [0x00000000e6180000,0x00000000e62669b8,0x00000000e6d00000)
  to   space 11776K, 0% used [0x00000000e5600000,0x00000000e5600000,0x00000000e6180000)
 ParOldGen       total 61952K, used 21656K [0x00000000a0000000, 0x00000000a3c80000, 0x00000000e0000000)
  object space 61952K, 34% used [0x00000000a0000000,0x00000000a1526048,0x00000000a3c80000)
 Metaspace       used 45992K, capacity 48014K, committed 48344K, reserved 1099776K
  class space    used 6120K, capacity 6549K, committed 6656K, reserved 1048576K
Event: 23.371 GC heap after
Heap after GC invocations=19 (full 5):
 PSYoungGen      total 99840K, used 0K [0x00000000e0000000, 0x00000000e6d00000, 0x0000000100000000)
  eden space 88064K, 0% used [0x00000000e0000000,0x00000000e0000000,0x00000000e5600000)
  from space 11776K, 0% used [0x00000000e6180000,0x00000000e6180000,0x00000000e6d00000)
  to   space 11776K, 0% used [0x00000000e5600000,0x00000000e5600000,0x00000000e6180000)
 ParOldGen       total 61952K, used 22311K [0x00000000a0000000, 0x00000000a3c80000, 0x00000000e0000000)
  object space 61952K, 36% used [0x00000000a0000000,0x00000000a15c9e40,0x00000000a3c80000)
 Metaspace       used 45992K, capacity 48014K, committed 48344K, reserved 1097728K
  class space    used 6120K, capacity 6549K, committed 6656K, reserved 1048576K
}

