# JRE version: OpenJDK Runtime Environment (8.0_242-b01) (build 1.8.0_242-release-1644-b01)
# Java VM: OpenJDK 64-Bit Server VM (25.242-b01 mixed mode windows-amd64 compressed oops)
Heap:
 PSYoungGen      total 57344K, used 13066K [0x00000000e0000000, 0x00000000e4000000, 0x0000000100000000)
  eden space 49152K, 9% used [0x00000000e0000000,0x00000000e04c9110,0x00000000e3000000)
  from space 8192K, 99% used [0x00000000e3000000,0x00000000e37f9a70,0x00000000e3800000)
  to   space 8192K, 0% used [0x00000000e3800000,0x00000000e3800000,0x00000000e4000000)
 ParOldGen       total 131072K, used 1129K [0x00000000a0000000, 0x00000000a8000000, 0x00000000e0000000)
  object space 131072K, 0% used [0x00000000a0000000,0x00000000a011a450,0x00000000a8000000)
 Metaspace       used 16827K, capacity 17482K, committed 17664K, reserved 1064960K
  class space    used 2240K, capacity 2447K, committed 2560K, reserved 1048576K
GC Heap History (4 events):
Event: 2.752 GC heap before
{Heap before GC invocations=1 (full 0):
 PSYoungGen      total 57344K, used 49152K [0x00000000e0000000, 0x00000000e4000000, 0x0000000100000000)
  eden space 49152K, 100% used [0x00000000e0000000,0x00000000e3000000,0x00000000e3000000)
  from space 8192K, 0% used [0x00000000e3800000,0x00000000e3800000,0x00000000e4000000)
  to   space 8192K, 0% used [0x00000000e3000000,0x00000000e3000000,0x00000000e3800000)
 ParOldGen       total 131072K, used 0K [0x00000000a0000000, 0x00000000a8000000, 0x00000000e0000000)
  object space 131072K, 0% used [0x00000000a0000000,0x00000000a0000000,0x00000000a8000000)
 Metaspace       used 7652K, capacity 7976K, committed 8320K, reserved 1056768K
  class space    used 932K, capacity 1039K, committed 1152K, reserved 1048576K
Event: 2.766 GC heap after
Heap after GC invocations=1 (full 0):
 PSYoungGen      total 57344K, used 5063K [0x00000000e0000000, 0x00000000e4000000, 0x0000000100000000)
  eden space 49152K, 0% used [0x00000000e0000000,0x00000000e0000000,0x00000000e3000000)
  from space 8192K, 61% used [0x00000000e3000000,0x00000000e34f1db0,0x00000000e3800000)
  to   space 8192K, 0% used [0x00000000e3800000,0x00000000e3800000,0x00000000e4000000)
 ParOldGen       total 131072K, used 8K [0x00000000a0000000, 0x00000000a8000000, 0x00000000e0000000)
  object space 131072K, 0% used [0x00000000a0000000,0x00000000a0002000,0x00000000a8000000)
 Metaspace       used 7652K, capacity 7976K, committed 8320K, reserved 1056768K
  class space    used 932K, capacity 1039K, committed 1152K, reserved 1048576K
}
Event: 17.823 GC heap before
{Heap before GC invocations=2 (full 0):
 PSYoungGen      total 57344K, used 54215K [0x00000000e0000000, 0x00000000e4000000, 0x0000000100000000)
  eden space 49152K, 100% used [0x00000000e0000000,0x00000000e3000000,0x00000000e3000000)
  from space 8192K, 61% used [0x00000000e3000000,0x00000000e34f1db0,0x00000000e3800000)
  to   space 8192K, 0% used [0x00000000e3800000,0x00000000e3800000,0x00000000e4000000)
 ParOldGen       total 131072K, used 8K [0x00000000a0000000, 0x00000000a8000000, 0x00000000e0000000)
  object space 131072K, 0% used [0x00000000a0000000,0x00000000a0002000,0x00000000a8000000)
 Metaspace       used 11644K, capacity 12026K, committed 12160K, reserved 1060864K
  class space    used 1537K, capacity 1645K, committed 1664K, reserved 1048576K
Event: 17.833 GC heap after
Heap after GC invocations=2 (full 0):
 PSYoungGen      total 57344K, used 6521K [0x00000000e0000000, 0x00000000e4000000, 0x0000000100000000)
  eden space 49152K, 0% used [0x00000000e0000000,0x00000000e0000000,0x00000000e3000000)
  from space 8192K, 79% used [0x00000000e3800000,0x00000000e3e5e5f8,0x00000000e4000000)
  to   space 8192K, 0% used [0x00000000e3000000,0x00000000e3000000,0x00000000e3800000)
 ParOldGen       total 131072K, used 16K [0x00000000a0000000, 0x00000000a8000000, 0x00000000e0000000)
  object space 131072K, 0% used [0x00000000a0000000,0x00000000a0004000,0x00000000a8000000)
 Metaspace       used 11644K, capacity 12026K, committed 12160K, reserved 1060864K
  class space    used 1537K, capacity 1645K, committed 1664K, reserved 1048576K
}

